2018-10-01 12:28:56.357 [main] INFO  com.zxy.demo.ElkApplication - Starting ElkApplication on litan with PID 14896 (D:\worksheet\elk\target\classes started by litan in D:\worksheet\elk)
2018-10-01 12:28:56.364 [main] INFO  com.zxy.demo.ElkApplication - No active profile set, falling back to default profiles: default
2018-10-01 12:28:56.443 [main] INFO  o.s.b.w.s.c.AnnotationConfigServletWebServerApplicationContext - Refreshing org.springframework.boot.web.servlet.context.AnnotationConfigServletWebServerApplicationContext@2a65fe7c: startup date [Mon Oct 01 12:28:56 CST 2018]; root of context hierarchy
2018-10-01 12:28:57.366 [main] WARN  org.mybatis.spring.mapper.ClassPathMapperScanner - No MyBatis mapper was found in '[com.zxy.demo]' package. Please check your configuration.
2018-10-01 12:28:59.015 [main] INFO  o.s.boot.web.embedded.tomcat.TomcatWebServer - Tomcat initialized with port(s): 8080 (http)
2018-10-01 12:28:59.041 [main] INFO  org.apache.coyote.http11.Http11NioProtocol - Initializing ProtocolHandler ["http-nio-8080"]
2018-10-01 12:28:59.061 [main] INFO  org.apache.catalina.core.StandardService - Starting service [Tomcat]
2018-10-01 12:28:59.061 [main] INFO  org.apache.catalina.core.StandardEngine - Starting Servlet Engine: Apache Tomcat/8.5.34
2018-10-01 12:28:59.091 [localhost-startStop-1] INFO  org.apache.catalina.core.AprLifecycleListener - The APR based Apache Tomcat Native library which allows optimal performance in production environments was not found on the java.library.path: [D:\java\java1.8\jre1.8\bin;C:\WINDOWS\Sun\Java\bin;C:\WINDOWS\system32;C:\WINDOWS;C:\ProgramData\Oracle\Java\javapath;D:\java\oracle\product\11.2.0\dbhome_1\bin;C:\WINDOWS\system32;C:\WINDOWS;C:\WINDOWS\System32\Wbem;C:\WINDOWS\System32\WindowsPowerShell\v1.0\;C:\Program Files (x86)\Common Files\lenovo\easyplussdk\bin;C:\Program Files (x86)\ATI Technologies\ATI.ACE\Core-Static;C:\Program Files (x86)\MySQL\MySQL Fabric 1.5.2 & MySQL Utilities 1.5.2 1.5\;C:\Program Files (x86)\MySQL\MySQL Fabric 1.5.2 & MySQL Utilities 1.5.2 1.5\Doctrine extensions for PHP\；D:\java\java1.8\jdk1.8\bin;JAVA_HOME%\jre\bin;D:\java\Z_review\apache-tomcat-7.0.67\bin;D:\我的软件;办公软;\svnServer\bin;%ma;en_home%\bin;D:\我的软件\数据库\putty\;C:\Pro;ram Files\Intel\WiFi\bin\;C:\Program Files\Common Files\Intel\WirelessCommon\;";D:\我的软件\专业软件\zookeeper\zookeeper-3.4.9/bin; D:\我的软件\专业软件\zookeeper\zookeeper-3.4.9/conf";D:\java\java1.8\jdk1.8\bin;C:\Program Files\TortoiseGit\bin;C:\Program Files\Git\cmd;C:\WINDOWS\System32\OpenSSH\;D:\java软件安装资源汇总\maven建项目\apache-maven-3.3.9-bin\apache-maven-3.3.9\bin;D:\protobufc\bin;C:\Users\litan\AppData\Local\Microsoft\WindowsApps;D:\java软件安装资源汇总\2017-6-25\apache-maven-3.3.9-bin\apache-maven-3.3.9\bin;;.]
2018-10-01 12:28:59.271 [localhost-startStop-1] INFO  o.a.c.core.ContainerBase.[Tomcat].[localhost].[/] - Initializing Spring embedded WebApplicationContext
2018-10-01 12:28:59.272 [localhost-startStop-1] INFO  org.springframework.web.context.ContextLoader - Root WebApplicationContext: initialization completed in 2829 ms
2018-10-01 12:28:59.394 [localhost-startStop-1] INFO  o.s.boot.web.servlet.ServletRegistrationBean - Servlet dispatcherServlet mapped to [/]
2018-10-01 12:28:59.402 [localhost-startStop-1] INFO  o.s.boot.web.servlet.FilterRegistrationBean - Mapping filter: 'characterEncodingFilter' to: [/*]
2018-10-01 12:28:59.403 [localhost-startStop-1] INFO  o.s.boot.web.servlet.FilterRegistrationBean - Mapping filter: 'hiddenHttpMethodFilter' to: [/*]
2018-10-01 12:28:59.403 [localhost-startStop-1] INFO  o.s.boot.web.servlet.FilterRegistrationBean - Mapping filter: 'httpPutFormContentFilter' to: [/*]
2018-10-01 12:28:59.403 [localhost-startStop-1] INFO  o.s.boot.web.servlet.FilterRegistrationBean - Mapping filter: 'requestContextFilter' to: [/*]
2018-10-01 12:28:59.566 [main] INFO  o.s.web.servlet.handler.SimpleUrlHandlerMapping - Mapped URL path [/**/favicon.ico] onto handler of type [class org.springframework.web.servlet.resource.ResourceHttpRequestHandler]
2018-10-01 12:28:59.838 [main] INFO  o.s.w.s.m.m.a.RequestMappingHandlerAdapter - Looking for @ControllerAdvice: org.springframework.boot.web.servlet.context.AnnotationConfigServletWebServerApplicationContext@2a65fe7c: startup date [Mon Oct 01 12:28:56 CST 2018]; root of context hierarchy
2018-10-01 12:28:59.953 [main] INFO  o.s.w.s.m.m.a.RequestMappingHandlerMapping - Mapped "{[/error]}" onto public org.springframework.http.ResponseEntity<java.util.Map<java.lang.String, java.lang.Object>> org.springframework.boot.autoconfigure.web.servlet.error.BasicErrorController.error(javax.servlet.http.HttpServletRequest)
2018-10-01 12:28:59.957 [main] INFO  o.s.w.s.m.m.a.RequestMappingHandlerMapping - Mapped "{[/error],produces=[text/html]}" onto public org.springframework.web.servlet.ModelAndView org.springframework.boot.autoconfigure.web.servlet.error.BasicErrorController.errorHtml(javax.servlet.http.HttpServletRequest,javax.servlet.http.HttpServletResponse)
2018-10-01 12:29:00.000 [main] INFO  o.s.web.servlet.handler.SimpleUrlHandlerMapping - Mapped URL path [/webjars/**] onto handler of type [class org.springframework.web.servlet.resource.ResourceHttpRequestHandler]
2018-10-01 12:29:00.000 [main] INFO  o.s.web.servlet.handler.SimpleUrlHandlerMapping - Mapped URL path [/**] onto handler of type [class org.springframework.web.servlet.resource.ResourceHttpRequestHandler]
2018-10-01 12:29:00.712 [main] INFO  o.s.jmx.export.annotation.AnnotationMBeanExporter - Registering beans for JMX exposure on startup
2018-10-01 12:29:00.714 [main] INFO  o.s.jmx.export.annotation.AnnotationMBeanExporter - Bean with name 'dataSource' has been autodetected for JMX exposure
2018-10-01 12:29:00.722 [main] INFO  o.s.jmx.export.annotation.AnnotationMBeanExporter - Located MBean 'dataSource': registering with JMX server as MBean [com.zaxxer.hikari:name=dataSource,type=HikariDataSource]
2018-10-01 12:29:00.737 [main] INFO  org.apache.coyote.http11.Http11NioProtocol - Starting ProtocolHandler ["http-nio-8080"]
2018-10-01 12:29:00.753 [main] INFO  org.apache.tomcat.util.net.NioSelectorPool - Using a shared selector for servlet write/read
2018-10-01 12:29:00.786 [main] INFO  o.s.boot.web.embedded.tomcat.TomcatWebServer - Tomcat started on port(s): 8080 (http) with context path ''
2018-10-01 12:29:00.792 [main] INFO  com.zxy.demo.ElkApplication - Started ElkApplication in 5.131 seconds (JVM running for 5.751)
2018-10-01 12:29:11.922 [main] INFO  com.zxy.demo.ElkApplicationTests - Starting ElkApplicationTests on litan with PID 8276 (started by litan in D:\worksheet\elk)
2018-10-01 12:29:11.925 [main] INFO  com.zxy.demo.ElkApplicationTests - No active profile set, falling back to default profiles: default
2018-10-01 12:29:11.971 [main] INFO  o.s.w.context.support.GenericWebApplicationContext - Refreshing org.springframework.web.context.support.GenericWebApplicationContext@78fa769e: startup date [Mon Oct 01 12:29:11 CST 2018]; root of context hierarchy
2018-10-01 12:29:12.911 [main] WARN  org.mybatis.spring.mapper.ClassPathMapperScanner - No MyBatis mapper was found in '[com.zxy.demo]' package. Please check your configuration.
2018-10-01 12:29:13.935 [main] INFO  o.s.web.servlet.handler.SimpleUrlHandlerMapping - Mapped URL path [/**/favicon.ico] onto handler of type [class org.springframework.web.servlet.resource.ResourceHttpRequestHandler]
2018-10-01 12:29:14.253 [main] INFO  o.s.w.s.m.m.a.RequestMappingHandlerAdapter - Looking for @ControllerAdvice: org.springframework.web.context.support.GenericWebApplicationContext@78fa769e: startup date [Mon Oct 01 12:29:11 CST 2018]; root of context hierarchy
2018-10-01 12:29:14.377 [main] INFO  o.s.w.s.m.m.a.RequestMappingHandlerMapping - Mapped "{[/error]}" onto public org.springframework.http.ResponseEntity<java.util.Map<java.lang.String, java.lang.Object>> org.springframework.boot.autoconfigure.web.servlet.error.BasicErrorController.error(javax.servlet.http.HttpServletRequest)
2018-10-01 12:29:14.380 [main] INFO  o.s.w.s.m.m.a.RequestMappingHandlerMapping - Mapped "{[/error],produces=[text/html]}" onto public org.springframework.web.servlet.ModelAndView org.springframework.boot.autoconfigure.web.servlet.error.BasicErrorController.errorHtml(javax.servlet.http.HttpServletRequest,javax.servlet.http.HttpServletResponse)
2018-10-01 12:29:14.428 [main] INFO  o.s.web.servlet.handler.SimpleUrlHandlerMapping - Mapped URL path [/webjars/**] onto handler of type [class org.springframework.web.servlet.resource.ResourceHttpRequestHandler]
2018-10-01 12:29:14.429 [main] INFO  o.s.web.servlet.handler.SimpleUrlHandlerMapping - Mapped URL path [/**] onto handler of type [class org.springframework.web.servlet.resource.ResourceHttpRequestHandler]
2018-10-01 12:29:15.119 [main] INFO  com.zxy.demo.ElkApplicationTests - Started ElkApplicationTests in 3.901 seconds (JVM running for 5.181)
2018-10-01 12:29:15.591 [main] INFO  com.zxy.demo.ElkApplicationTests - message:this is first logger!
2018-10-01 12:29:15.599 [Thread-2] INFO  o.s.w.context.support.GenericWebApplicationContext - Closing org.springframework.web.context.support.GenericWebApplicationContext@78fa769e: startup date [Mon Oct 01 12:29:11 CST 2018]; root of context hierarchy
2018-10-01 12:31:51.570 [main] INFO  com.zxy.demo.ElkApplicationTests =======> Starting ElkApplicationTests on litan with PID 7616 (started by litan in D:\worksheet\elk)
2018-10-01 12:31:51.575 [main] INFO  com.zxy.demo.ElkApplicationTests =======> No active profile set, falling back to default profiles: default
2018-10-01 12:31:51.636 [main] INFO  o.s.w.context.support.GenericWebApplicationContext =======> Refreshing org.springframework.web.context.support.GenericWebApplicationContext@78fa769e: startup date [Mon Oct 01 12:31:51 CST 2018]; root of context hierarchy
2018-10-01 12:31:52.536 [main] WARN  org.mybatis.spring.mapper.ClassPathMapperScanner =======> No MyBatis mapper was found in '[com.zxy.demo]' package. Please check your configuration.
2018-10-01 12:31:53.772 [main] INFO  o.s.web.servlet.handler.SimpleUrlHandlerMapping =======> Mapped URL path [/**/favicon.ico] onto handler of type [class org.springframework.web.servlet.resource.ResourceHttpRequestHandler]
2018-10-01 12:31:54.084 [main] INFO  o.s.w.s.m.m.a.RequestMappingHandlerAdapter =======> Looking for @ControllerAdvice: org.springframework.web.context.support.GenericWebApplicationContext@78fa769e: startup date [Mon Oct 01 12:31:51 CST 2018]; root of context hierarchy
2018-10-01 12:31:54.208 [main] INFO  o.s.w.s.m.m.a.RequestMappingHandlerMapping =======> Mapped "{[/error]}" onto public org.springframework.http.ResponseEntity<java.util.Map<java.lang.String, java.lang.Object>> org.springframework.boot.autoconfigure.web.servlet.error.BasicErrorController.error(javax.servlet.http.HttpServletRequest)
2018-10-01 12:31:54.213 [main] INFO  o.s.w.s.m.m.a.RequestMappingHandlerMapping =======> Mapped "{[/error],produces=[text/html]}" onto public org.springframework.web.servlet.ModelAndView org.springframework.boot.autoconfigure.web.servlet.error.BasicErrorController.errorHtml(javax.servlet.http.HttpServletRequest,javax.servlet.http.HttpServletResponse)
2018-10-01 12:31:54.278 [main] INFO  o.s.web.servlet.handler.SimpleUrlHandlerMapping =======> Mapped URL path [/webjars/**] onto handler of type [class org.springframework.web.servlet.resource.ResourceHttpRequestHandler]
2018-10-01 12:31:54.279 [main] INFO  o.s.web.servlet.handler.SimpleUrlHandlerMapping =======> Mapped URL path [/**] onto handler of type [class org.springframework.web.servlet.resource.ResourceHttpRequestHandler]
2018-10-01 12:31:54.982 [main] INFO  com.zxy.demo.ElkApplicationTests =======> Started ElkApplicationTests in 4.149 seconds (JVM running for 5.408)
2018-10-01 12:31:55.396 [main] INFO  com.zxy.demo.ElkApplicationTests =======> message:this is first logger!
2018-10-01 12:31:55.408 [Thread-2] INFO  o.s.w.context.support.GenericWebApplicationContext =======> Closing org.springframework.web.context.support.GenericWebApplicationContext@78fa769e: startup date [Mon Oct 01 12:31:51 CST 2018]; root of context hierarchy
2018-10-01 12:32:29.112 [main] INFO  com.zxy.demo.ElkApplication =======> Starting ElkApplication on litan with PID 17296 (D:\worksheet\elk\target\classes started by litan in D:\worksheet\elk)
2018-10-01 12:32:29.119 [main] INFO  com.zxy.demo.ElkApplication =======> No active profile set, falling back to default profiles: default
2018-10-01 12:32:29.215 [main] INFO  o.s.b.w.s.c.AnnotationConfigServletWebServerApplicationContext =======> Refreshing org.springframework.boot.web.servlet.context.AnnotationConfigServletWebServerApplicationContext@2a65fe7c: startup date [Mon Oct 01 12:32:29 CST 2018]; root of context hierarchy
2018-10-01 12:32:30.085 [main] WARN  org.mybatis.spring.mapper.ClassPathMapperScanner =======> No MyBatis mapper was found in '[com.zxy.demo]' package. Please check your configuration.
2018-10-01 12:32:31.663 [main] INFO  o.s.boot.web.embedded.tomcat.TomcatWebServer =======> Tomcat initialized with port(s): 8080 (http)
2018-10-01 12:32:31.688 [main] INFO  org.apache.coyote.http11.Http11NioProtocol =======> Initializing ProtocolHandler ["http-nio-8080"]
2018-10-01 12:32:31.704 [main] INFO  org.apache.catalina.core.StandardService =======> Starting service [Tomcat]
2018-10-01 12:32:31.704 [main] INFO  org.apache.catalina.core.StandardEngine =======> Starting Servlet Engine: Apache Tomcat/8.5.34
2018-10-01 12:32:31.720 [localhost-startStop-1] INFO  org.apache.catalina.core.AprLifecycleListener =======> The APR based Apache Tomcat Native library which allows optimal performance in production environments was not found on the java.library.path: [D:\java\java1.8\jre1.8\bin;C:\WINDOWS\Sun\Java\bin;C:\WINDOWS\system32;C:\WINDOWS;C:\ProgramData\Oracle\Java\javapath;D:\java\oracle\product\11.2.0\dbhome_1\bin;C:\WINDOWS\system32;C:\WINDOWS;C:\WINDOWS\System32\Wbem;C:\WINDOWS\System32\WindowsPowerShell\v1.0\;C:\Program Files (x86)\Common Files\lenovo\easyplussdk\bin;C:\Program Files (x86)\ATI Technologies\ATI.ACE\Core-Static;C:\Program Files (x86)\MySQL\MySQL Fabric 1.5.2 & MySQL Utilities 1.5.2 1.5\;C:\Program Files (x86)\MySQL\MySQL Fabric 1.5.2 & MySQL Utilities 1.5.2 1.5\Doctrine extensions for PHP\；D:\java\java1.8\jdk1.8\bin;JAVA_HOME%\jre\bin;D:\java\Z_review\apache-tomcat-7.0.67\bin;D:\我的软件;办公软;\svnServer\bin;%ma;en_home%\bin;D:\我的软件\数据库\putty\;C:\Pro;ram Files\Intel\WiFi\bin\;C:\Program Files\Common Files\Intel\WirelessCommon\;";D:\我的软件\专业软件\zookeeper\zookeeper-3.4.9/bin; D:\我的软件\专业软件\zookeeper\zookeeper-3.4.9/conf";D:\java\java1.8\jdk1.8\bin;C:\Program Files\TortoiseGit\bin;C:\Program Files\Git\cmd;C:\WINDOWS\System32\OpenSSH\;D:\java软件安装资源汇总\maven建项目\apache-maven-3.3.9-bin\apache-maven-3.3.9\bin;D:\protobufc\bin;C:\Users\litan\AppData\Local\Microsoft\WindowsApps;D:\java软件安装资源汇总\2017-6-25\apache-maven-3.3.9-bin\apache-maven-3.3.9\bin;;.]
2018-10-01 12:32:31.942 [localhost-startStop-1] INFO  o.a.c.core.ContainerBase.[Tomcat].[localhost].[/] =======> Initializing Spring embedded WebApplicationContext
2018-10-01 12:32:31.944 [localhost-startStop-1] INFO  org.springframework.web.context.ContextLoader =======> Root WebApplicationContext: initialization completed in 2728 ms
2018-10-01 12:32:32.063 [localhost-startStop-1] INFO  o.s.boot.web.servlet.ServletRegistrationBean =======> Servlet dispatcherServlet mapped to [/]
2018-10-01 12:32:32.069 [localhost-startStop-1] INFO  o.s.boot.web.servlet.FilterRegistrationBean =======> Mapping filter: 'characterEncodingFilter' to: [/*]
2018-10-01 12:32:32.070 [localhost-startStop-1] INFO  o.s.boot.web.servlet.FilterRegistrationBean =======> Mapping filter: 'hiddenHttpMethodFilter' to: [/*]
2018-10-01 12:32:32.070 [localhost-startStop-1] INFO  o.s.boot.web.servlet.FilterRegistrationBean =======> Mapping filter: 'httpPutFormContentFilter' to: [/*]
2018-10-01 12:32:32.070 [localhost-startStop-1] INFO  o.s.boot.web.servlet.FilterRegistrationBean =======> Mapping filter: 'requestContextFilter' to: [/*]
2018-10-01 12:32:32.270 [main] INFO  o.s.web.servlet.handler.SimpleUrlHandlerMapping =======> Mapped URL path [/**/favicon.ico] onto handler of type [class org.springframework.web.servlet.resource.ResourceHttpRequestHandler]
2018-10-01 12:32:32.546 [main] INFO  o.s.w.s.m.m.a.RequestMappingHandlerAdapter =======> Looking for @ControllerAdvice: org.springframework.boot.web.servlet.context.AnnotationConfigServletWebServerApplicationContext@2a65fe7c: startup date [Mon Oct 01 12:32:29 CST 2018]; root of context hierarchy
2018-10-01 12:32:32.646 [main] INFO  o.s.w.s.m.m.a.RequestMappingHandlerMapping =======> Mapped "{[/error]}" onto public org.springframework.http.ResponseEntity<java.util.Map<java.lang.String, java.lang.Object>> org.springframework.boot.autoconfigure.web.servlet.error.BasicErrorController.error(javax.servlet.http.HttpServletRequest)
2018-10-01 12:32:32.649 [main] INFO  o.s.w.s.m.m.a.RequestMappingHandlerMapping =======> Mapped "{[/error],produces=[text/html]}" onto public org.springframework.web.servlet.ModelAndView org.springframework.boot.autoconfigure.web.servlet.error.BasicErrorController.errorHtml(javax.servlet.http.HttpServletRequest,javax.servlet.http.HttpServletResponse)
2018-10-01 12:32:32.684 [main] INFO  o.s.web.servlet.handler.SimpleUrlHandlerMapping =======> Mapped URL path [/webjars/**] onto handler of type [class org.springframework.web.servlet.resource.ResourceHttpRequestHandler]
2018-10-01 12:32:32.684 [main] INFO  o.s.web.servlet.handler.SimpleUrlHandlerMapping =======> Mapped URL path [/**] onto handler of type [class org.springframework.web.servlet.resource.ResourceHttpRequestHandler]
2018-10-01 12:32:33.345 [main] INFO  o.s.jmx.export.annotation.AnnotationMBeanExporter =======> Registering beans for JMX exposure on startup
2018-10-01 12:32:33.347 [main] INFO  o.s.jmx.export.annotation.AnnotationMBeanExporter =======> Bean with name 'dataSource' has been autodetected for JMX exposure
2018-10-01 12:32:33.355 [main] INFO  o.s.jmx.export.annotation.AnnotationMBeanExporter =======> Located MBean 'dataSource': registering with JMX server as MBean [com.zaxxer.hikari:name=dataSource,type=HikariDataSource]
2018-10-01 12:32:33.374 [main] INFO  org.apache.coyote.http11.Http11NioProtocol =======> Starting ProtocolHandler ["http-nio-8080"]
2018-10-01 12:32:33.407 [main] INFO  org.apache.tomcat.util.net.NioSelectorPool =======> Using a shared selector for servlet write/read
2018-10-01 12:32:33.444 [main] INFO  o.s.boot.web.embedded.tomcat.TomcatWebServer =======> Tomcat started on port(s): 8080 (http) with context path ''
2018-10-01 12:32:33.451 [main] INFO  com.zxy.demo.ElkApplication =======> Started ElkApplication in 5.062 seconds (JVM running for 5.67)
2018-10-01 12:32:41.514 [main] INFO  com.zxy.demo.ElkApplicationTests =======> Starting ElkApplicationTests on litan with PID 15260 (started by litan in D:\worksheet\elk)
2018-10-01 12:32:41.517 [main] INFO  com.zxy.demo.ElkApplicationTests =======> No active profile set, falling back to default profiles: default
2018-10-01 12:32:41.578 [main] INFO  o.s.w.context.support.GenericWebApplicationContext =======> Refreshing org.springframework.web.context.support.GenericWebApplicationContext@78fa769e: startup date [Mon Oct 01 12:32:41 CST 2018]; root of context hierarchy
2018-10-01 12:32:42.491 [main] WARN  org.mybatis.spring.mapper.ClassPathMapperScanner =======> No MyBatis mapper was found in '[com.zxy.demo]' package. Please check your configuration.
2018-10-01 12:32:43.690 [main] INFO  o.s.web.servlet.handler.SimpleUrlHandlerMapping =======> Mapped URL path [/**/favicon.ico] onto handler of type [class org.springframework.web.servlet.resource.ResourceHttpRequestHandler]
2018-10-01 12:32:44.003 [main] INFO  o.s.w.s.m.m.a.RequestMappingHandlerAdapter =======> Looking for @ControllerAdvice: org.springframework.web.context.support.GenericWebApplicationContext@78fa769e: startup date [Mon Oct 01 12:32:41 CST 2018]; root of context hierarchy
2018-10-01 12:32:44.135 [main] INFO  o.s.w.s.m.m.a.RequestMappingHandlerMapping =======> Mapped "{[/error]}" onto public org.springframework.http.ResponseEntity<java.util.Map<java.lang.String, java.lang.Object>> org.springframework.boot.autoconfigure.web.servlet.error.BasicErrorController.error(javax.servlet.http.HttpServletRequest)
2018-10-01 12:32:44.138 [main] INFO  o.s.w.s.m.m.a.RequestMappingHandlerMapping =======> Mapped "{[/error],produces=[text/html]}" onto public org.springframework.web.servlet.ModelAndView org.springframework.boot.autoconfigure.web.servlet.error.BasicErrorController.errorHtml(javax.servlet.http.HttpServletRequest,javax.servlet.http.HttpServletResponse)
2018-10-01 12:32:44.199 [main] INFO  o.s.web.servlet.handler.SimpleUrlHandlerMapping =======> Mapped URL path [/webjars/**] onto handler of type [class org.springframework.web.servlet.resource.ResourceHttpRequestHandler]
2018-10-01 12:32:44.199 [main] INFO  o.s.web.servlet.handler.SimpleUrlHandlerMapping =======> Mapped URL path [/**] onto handler of type [class org.springframework.web.servlet.resource.ResourceHttpRequestHandler]
2018-10-01 12:32:44.973 [main] INFO  com.zxy.demo.ElkApplicationTests =======> Started ElkApplicationTests in 4.166 seconds (JVM running for 5.516)
2018-10-01 12:32:45.467 [main] INFO  com.zxy.demo.ElkApplicationTests =======> message:this is first logger!
2018-10-01 12:32:45.482 [Thread-2] INFO  o.s.w.context.support.GenericWebApplicationContext =======> Closing org.springframework.web.context.support.GenericWebApplicationContext@78fa769e: startup date [Mon Oct 01 12:32:41 CST 2018]; root of context hierarchy
2018-10-01 12:33:42.778 {main} INFO  com.zxy.demo.ElkApplicationTests =======> Starting ElkApplicationTests on litan with PID 9440 (started by litan in D:\worksheet\elk)
2018-10-01 12:33:42.779 {main} INFO  com.zxy.demo.ElkApplicationTests =======> No active profile set, falling back to default profiles: default
2018-10-01 12:33:42.839 {main} INFO  o.s.w.context.support.GenericWebApplicationContext =======> Refreshing org.springframework.web.context.support.GenericWebApplicationContext@78fa769e: startup date [Mon Oct 01 12:33:42 CST 2018]; root of context hierarchy
2018-10-01 12:33:43.849 {main} WARN  org.mybatis.spring.mapper.ClassPathMapperScanner =======> No MyBatis mapper was found in '[com.zxy.demo]' package. Please check your configuration.
2018-10-01 12:33:44.980 {main} INFO  o.s.web.servlet.handler.SimpleUrlHandlerMapping =======> Mapped URL path [/**/favicon.ico] onto handler of type [class org.springframework.web.servlet.resource.ResourceHttpRequestHandler]
2018-10-01 12:33:45.280 {main} INFO  o.s.w.s.m.m.a.RequestMappingHandlerAdapter =======> Looking for @ControllerAdvice: org.springframework.web.context.support.GenericWebApplicationContext@78fa769e: startup date [Mon Oct 01 12:33:42 CST 2018]; root of context hierarchy
2018-10-01 12:33:45.411 {main} INFO  o.s.w.s.m.m.a.RequestMappingHandlerMapping =======> Mapped "{[/error]}" onto public org.springframework.http.ResponseEntity<java.util.Map<java.lang.String, java.lang.Object>> org.springframework.boot.autoconfigure.web.servlet.error.BasicErrorController.error(javax.servlet.http.HttpServletRequest)
2018-10-01 12:33:45.413 {main} INFO  o.s.w.s.m.m.a.RequestMappingHandlerMapping =======> Mapped "{[/error],produces=[text/html]}" onto public org.springframework.web.servlet.ModelAndView org.springframework.boot.autoconfigure.web.servlet.error.BasicErrorController.errorHtml(javax.servlet.http.HttpServletRequest,javax.servlet.http.HttpServletResponse)
2018-10-01 12:33:45.470 {main} INFO  o.s.web.servlet.handler.SimpleUrlHandlerMapping =======> Mapped URL path [/webjars/**] onto handler of type [class org.springframework.web.servlet.resource.ResourceHttpRequestHandler]
2018-10-01 12:33:45.470 {main} INFO  o.s.web.servlet.handler.SimpleUrlHandlerMapping =======> Mapped URL path [/**] onto handler of type [class org.springframework.web.servlet.resource.ResourceHttpRequestHandler]
2018-10-01 12:33:46.170 {main} INFO  com.zxy.demo.ElkApplicationTests =======> Started ElkApplicationTests in 4.107 seconds (JVM running for 5.387)
2018-10-01 12:33:46.549 {main} INFO  com.zxy.demo.ElkApplicationTests =======> message:this is first logger!
2018-10-01 12:33:46.559 {Thread-2} INFO  o.s.w.context.support.GenericWebApplicationContext =======> Closing org.springframework.web.context.support.GenericWebApplicationContext@78fa769e: startup date [Mon Oct 01 12:33:42 CST 2018]; root of context hierarchy
