2018-10-01 12:23:35.586 [main] INFO  com.zxy.demo.ElkApplication - Starting ElkApplication on litan with PID 1460 (D:\worksheet\elk\target\classes started by litan in D:\worksheet\elk)
2018-10-01 12:23:35.593 [main] INFO  com.zxy.demo.ElkApplication - No active profile set, falling back to default profiles: default
2018-10-01 12:23:35.666 [main] INFO  o.s.b.w.s.c.AnnotationConfigServletWebServerApplicationContext - Refreshing org.springframework.boot.web.servlet.context.AnnotationConfigServletWebServerApplicationContext@2a65fe7c: startup date [Mon Oct 01 12:23:35 CST 2018]; root of context hierarchy
2018-10-01 12:23:36.555 [main] WARN  org.mybatis.spring.mapper.ClassPathMapperScanner - No MyBatis mapper was found in '[com.zxy.demo]' package. Please check your configuration.
2018-10-01 12:23:38.165 [main] INFO  o.s.boot.web.embedded.tomcat.TomcatWebServer - Tomcat initialized with port(s): 8080 (http)
2018-10-01 12:23:38.184 [main] INFO  org.apache.coyote.http11.Http11NioProtocol - Initializing ProtocolHandler ["http-nio-8080"]
2018-10-01 12:23:38.203 [main] INFO  org.apache.catalina.core.StandardService - Starting service [Tomcat]
2018-10-01 12:23:38.203 [main] INFO  org.apache.catalina.core.StandardEngine - Starting Servlet Engine: Apache Tomcat/8.5.34
2018-10-01 12:23:38.216 [localhost-startStop-1] INFO  org.apache.catalina.core.AprLifecycleListener - The APR based Apache Tomcat Native library which allows optimal performance in production environments was not found on the java.library.path: [D:\java\java1.8\jre1.8\bin;C:\WINDOWS\Sun\Java\bin;C:\WINDOWS\system32;C:\WINDOWS;C:\ProgramData\Oracle\Java\javapath;D:\java\oracle\product\11.2.0\dbhome_1\bin;C:\WINDOWS\system32;C:\WINDOWS;C:\WINDOWS\System32\Wbem;C:\WINDOWS\System32\WindowsPowerShell\v1.0\;C:\Program Files (x86)\Common Files\lenovo\easyplussdk\bin;C:\Program Files (x86)\ATI Technologies\ATI.ACE\Core-Static;C:\Program Files (x86)\MySQL\MySQL Fabric 1.5.2 & MySQL Utilities 1.5.2 1.5\;C:\Program Files (x86)\MySQL\MySQL Fabric 1.5.2 & MySQL Utilities 1.5.2 1.5\Doctrine extensions for PHP\；D:\java\java1.8\jdk1.8\bin;JAVA_HOME%\jre\bin;D:\java\Z_review\apache-tomcat-7.0.67\bin;D:\我的软件;办公软;\svnServer\bin;%ma;en_home%\bin;D:\我的软件\数据库\putty\;C:\Pro;ram Files\Intel\WiFi\bin\;C:\Program Files\Common Files\Intel\WirelessCommon\;";D:\我的软件\专业软件\zookeeper\zookeeper-3.4.9/bin; D:\我的软件\专业软件\zookeeper\zookeeper-3.4.9/conf";D:\java\java1.8\jdk1.8\bin;C:\Program Files\TortoiseGit\bin;C:\Program Files\Git\cmd;C:\WINDOWS\System32\OpenSSH\;D:\java软件安装资源汇总\maven建项目\apache-maven-3.3.9-bin\apache-maven-3.3.9\bin;D:\protobufc\bin;C:\Users\litan\AppData\Local\Microsoft\WindowsApps;D:\java软件安装资源汇总\2017-6-25\apache-maven-3.3.9-bin\apache-maven-3.3.9\bin;;.]
2018-10-01 12:23:38.442 [localhost-startStop-1] INFO  o.a.c.core.ContainerBase.[Tomcat].[localhost].[/] - Initializing Spring embedded WebApplicationContext
2018-10-01 12:23:38.443 [localhost-startStop-1] INFO  org.springframework.web.context.ContextLoader - Root WebApplicationContext: initialization completed in 2777 ms
2018-10-01 12:23:38.563 [localhost-startStop-1] INFO  o.s.boot.web.servlet.ServletRegistrationBean - Servlet dispatcherServlet mapped to [/]
2018-10-01 12:23:38.570 [localhost-startStop-1] INFO  o.s.boot.web.servlet.FilterRegistrationBean - Mapping filter: 'characterEncodingFilter' to: [/*]
2018-10-01 12:23:38.571 [localhost-startStop-1] INFO  o.s.boot.web.servlet.FilterRegistrationBean - Mapping filter: 'hiddenHttpMethodFilter' to: [/*]
2018-10-01 12:23:38.571 [localhost-startStop-1] INFO  o.s.boot.web.servlet.FilterRegistrationBean - Mapping filter: 'httpPutFormContentFilter' to: [/*]
2018-10-01 12:23:38.571 [localhost-startStop-1] INFO  o.s.boot.web.servlet.FilterRegistrationBean - Mapping filter: 'requestContextFilter' to: [/*]
2018-10-01 12:23:38.749 [main] INFO  o.s.web.servlet.handler.SimpleUrlHandlerMapping - Mapped URL path [/**/favicon.ico] onto handler of type [class org.springframework.web.servlet.resource.ResourceHttpRequestHandler]
2018-10-01 12:23:39.004 [main] INFO  o.s.w.s.m.m.a.RequestMappingHandlerAdapter - Looking for @ControllerAdvice: org.springframework.boot.web.servlet.context.AnnotationConfigServletWebServerApplicationContext@2a65fe7c: startup date [Mon Oct 01 12:23:35 CST 2018]; root of context hierarchy
2018-10-01 12:23:39.125 [main] INFO  o.s.w.s.m.m.a.RequestMappingHandlerMapping - Mapped "{[/error]}" onto public org.springframework.http.ResponseEntity<java.util.Map<java.lang.String, java.lang.Object>> org.springframework.boot.autoconfigure.web.servlet.error.BasicErrorController.error(javax.servlet.http.HttpServletRequest)
2018-10-01 12:23:39.127 [main] INFO  o.s.w.s.m.m.a.RequestMappingHandlerMapping - Mapped "{[/error],produces=[text/html]}" onto public org.springframework.web.servlet.ModelAndView org.springframework.boot.autoconfigure.web.servlet.error.BasicErrorController.errorHtml(javax.servlet.http.HttpServletRequest,javax.servlet.http.HttpServletResponse)
2018-10-01 12:23:39.162 [main] INFO  o.s.web.servlet.handler.SimpleUrlHandlerMapping - Mapped URL path [/webjars/**] onto handler of type [class org.springframework.web.servlet.resource.ResourceHttpRequestHandler]
2018-10-01 12:23:39.163 [main] INFO  o.s.web.servlet.handler.SimpleUrlHandlerMapping - Mapped URL path [/**] onto handler of type [class org.springframework.web.servlet.resource.ResourceHttpRequestHandler]
2018-10-01 12:23:39.779 [main] INFO  o.s.jmx.export.annotation.AnnotationMBeanExporter - Registering beans for JMX exposure on startup
2018-10-01 12:23:39.781 [main] INFO  o.s.jmx.export.annotation.AnnotationMBeanExporter - Bean with name 'dataSource' has been autodetected for JMX exposure
2018-10-01 12:23:39.788 [main] INFO  o.s.jmx.export.annotation.AnnotationMBeanExporter - Located MBean 'dataSource': registering with JMX server as MBean [com.zaxxer.hikari:name=dataSource,type=HikariDataSource]
2018-10-01 12:23:39.804 [main] INFO  org.apache.coyote.http11.Http11NioProtocol - Starting ProtocolHandler ["http-nio-8080"]
2018-10-01 12:23:39.821 [main] INFO  org.apache.tomcat.util.net.NioSelectorPool - Using a shared selector for servlet write/read
2018-10-01 12:23:39.848 [main] INFO  o.s.boot.web.embedded.tomcat.TomcatWebServer - Tomcat started on port(s): 8080 (http) with context path ''
2018-10-01 12:23:39.853 [main] INFO  com.zxy.demo.ElkApplication - Started ElkApplication in 4.961 seconds (JVM running for 5.639)
2018-10-01 12:24:49.546 [main] INFO  com.zxy.demo.ElkApplicationTests - Starting ElkApplicationTests on litan with PID 15488 (started by litan in D:\worksheet\elk)
2018-10-01 12:24:49.548 [main] INFO  com.zxy.demo.ElkApplicationTests - No active profile set, falling back to default profiles: default
2018-10-01 12:24:49.596 [main] INFO  o.s.w.context.support.GenericWebApplicationContext - Refreshing org.springframework.web.context.support.GenericWebApplicationContext@78fa769e: startup date [Mon Oct 01 12:24:49 CST 2018]; root of context hierarchy
2018-10-01 12:24:50.542 [main] WARN  org.mybatis.spring.mapper.ClassPathMapperScanner - No MyBatis mapper was found in '[com.zxy.demo]' package. Please check your configuration.
2018-10-01 12:24:51.554 [main] INFO  o.s.web.servlet.handler.SimpleUrlHandlerMapping - Mapped URL path [/**/favicon.ico] onto handler of type [class org.springframework.web.servlet.resource.ResourceHttpRequestHandler]
2018-10-01 12:24:51.862 [main] INFO  o.s.w.s.m.m.a.RequestMappingHandlerAdapter - Looking for @ControllerAdvice: org.springframework.web.context.support.GenericWebApplicationContext@78fa769e: startup date [Mon Oct 01 12:24:49 CST 2018]; root of context hierarchy
2018-10-01 12:24:51.997 [main] INFO  o.s.w.s.m.m.a.RequestMappingHandlerMapping - Mapped "{[/error]}" onto public org.springframework.http.ResponseEntity<java.util.Map<java.lang.String, java.lang.Object>> org.springframework.boot.autoconfigure.web.servlet.error.BasicErrorController.error(javax.servlet.http.HttpServletRequest)
2018-10-01 12:24:51.999 [main] INFO  o.s.w.s.m.m.a.RequestMappingHandlerMapping - Mapped "{[/error],produces=[text/html]}" onto public org.springframework.web.servlet.ModelAndView org.springframework.boot.autoconfigure.web.servlet.error.BasicErrorController.errorHtml(javax.servlet.http.HttpServletRequest,javax.servlet.http.HttpServletResponse)
2018-10-01 12:24:52.055 [main] INFO  o.s.web.servlet.handler.SimpleUrlHandlerMapping - Mapped URL path [/webjars/**] onto handler of type [class org.springframework.web.servlet.resource.ResourceHttpRequestHandler]
2018-10-01 12:24:52.055 [main] INFO  o.s.web.servlet.handler.SimpleUrlHandlerMapping - Mapped URL path [/**] onto handler of type [class org.springframework.web.servlet.resource.ResourceHttpRequestHandler]
2018-10-01 12:24:52.748 [main] INFO  com.zxy.demo.ElkApplicationTests - Started ElkApplicationTests in 3.967 seconds (JVM running for 5.235)
2018-10-01 12:24:53.265 [main] INFO  com.zxy.demo.ElkApplicationTests - message:this is first logger!
2018-10-01 12:24:53.282 [Thread-2] INFO  o.s.w.context.support.GenericWebApplicationContext - Closing org.springframework.web.context.support.GenericWebApplicationContext@78fa769e: startup date [Mon Oct 01 12:24:49 CST 2018]; root of context hierarchy
